<?xml version="1.0" encoding="UTF-8" ?>
<testsuite tests="13" failures="0" name="simpledb.buffer.BasicBufferMgrTest" time="0.392" errors="0" skipped="5">
  <properties>
[...]
</properties>
  <testcase classname="simpledb.buffer.BasicBufferMgrTest" name="testNaiveStrategy4" time="0.155"/>
  <testcase classname="simpledb.buffer.BasicBufferMgrTest" name="testNaiveStrategy5" time="0.048"/>
  <testcase classname="simpledb.buffer.BasicBufferMgrTest" name="testFIFOStrategy4" time="0.016"/>
  <testcase classname="simpledb.buffer.BasicBufferMgrTest" name="testFIFOStrategy5" time="0.012"/>
  <testcase classname="simpledb.buffer.BasicBufferMgrTest" name="testLRUStrategy4" time="0.02"/>
  <testcase classname="simpledb.buffer.BasicBufferMgrTest" name="testLRUStrategy5" time="0.014"/>
  <testcase classname="simpledb.buffer.BasicBufferMgrTest" name="testClockStrategy4" time="0.023"/>
  <testcase classname="simpledb.buffer.BasicBufferMgrTest" name="testClockStrategy5" time="0.014"/>
  <testcase classname="simpledb.buffer.BasicBufferMgrTest" name="testFlushAll" time="0.016">
    <skipped/>
  </testcase>
  <testcase classname="simpledb.buffer.BasicBufferMgrTest" name="testPin" time="0.017">
    <skipped/>
  </testcase>
  <testcase classname="simpledb.buffer.BasicBufferMgrTest" name="testPinNew" time="0.018">
    <skipped/>
  </testcase>
  <testcase classname="simpledb.buffer.BasicBufferMgrTest" name="testUnpin" time="0.019">
    <skipped/>
  </testcase>
  <testcase classname="simpledb.buffer.BasicBufferMgrTest" name="testAvailable" time="0.02">
    <skipped/>
  </testcase>
</testsuite>